# JRE version: OpenJDK Runtime Environment (21.0.9+10) (build 21.0.9+10-Ubuntu-124.04)
# Java VM: OpenJDK 64-Bit Server VM (21.0.9+10-Ubuntu-124.04, mixed mode, sharing, tiered, compressed oops, compressed class ptrs, g1 gc, linux-amd64)
GC Precious Log:
 CardTable entry size: 512
 Card Set container configuration: InlinePtr #cards 3 size 8 Array Of Cards #cards 128 size 272 Howl #buckets 8 coarsen threshold 29491 Howl Bitmap #cards 4096 size 528 coarsen threshold 3686 Card regions per heap region 1 cards per card region 32768
 CPUs: 128 total, 128 available
 Memory: 1007G
 Large Page Support: Disabled
 NUMA Support: Disabled
 Compressed Oops: Enabled (Zero based)
 Heap Region Size: 16M
 Heap Min Capacity: 16M
 Heap Initial Capacity: 2G
 Heap Max Capacity: 30208M
 Pre-touch: Disabled
 Parallel Workers: 83
 Concurrent Workers: 21
 Concurrent Refinement Workers: 83
 Periodic GC: Disabled
Heap:
 garbage-first heap   total 114688K, used 10776K [0x00000000a0000000, 0x0000000800000000)
  region size 16384K, 2 young (32768K), 1 survivors (16384K)
 Metaspace       used 37887K, committed 38208K, reserved 1114112K
  class space    used 3769K, committed 3904K, reserved 1048576K
GC Heap History (20 events):
Event: 42183.408 GC heap before
{Heap before GC invocations=16 (full 0):
 garbage-first heap   total 114688K, used 59576K [0x00000000a0000000, 0x0000000800000000)
  region size 16384K, 4 young (65536K), 1 survivors (16384K)
 Metaspace       used 37030K, committed 37248K, reserved 1114112K
  class space    used 3746K, committed 3840K, reserved 1048576K
}
Event: 42183.416 GC heap after
{Heap after GC invocations=17 (full 0):
 garbage-first heap   total 114688K, used 10157K [0x00000000a0000000, 0x0000000800000000)
  region size 16384K, 1 young (16384K), 1 survivors (16384K)
 Metaspace       used 37030K, committed 37248K, reserved 1114112K
  class space    used 3746K, committed 3840K, reserved 1048576K
}
Event: 42297.051 GC heap before
{Heap before GC invocations=17 (full 0):
 garbage-first heap   total 114688K, used 59309K [0x00000000a0000000, 0x0000000800000000)
  region size 16384K, 4 young (65536K), 1 survivors (16384K)
 Metaspace       used 37110K, committed 37312K, reserved 1114112K
  class space    used 3746K, committed 3840K, reserved 1048576K
}
Event: 42297.064 GC heap after
{Heap after GC invocations=18 (full 0):
 garbage-first heap   total 114688K, used 10306K [0x00000000a0000000, 0x0000000800000000)
  region size 16384K, 1 young (16384K), 1 survivors (16384K)
 Metaspace       used 37110K, committed 37312K, reserved 1114112K
  class space    used 3746K, committed 3840K, reserved 1048576K
}
Event: 42353.570 GC heap before
{Heap before GC invocations=18 (full 0):
 garbage-first heap   total 114688K, used 59458K [0x00000000a0000000, 0x0000000800000000)
  region size 16384K, 4 young (65536K), 1 survivors (16384K)
 Metaspace       used 37477K, committed 37760K, reserved 1114112K
  class space    used 3765K, committed 3904K, reserved 1048576K
}
Event: 42353.586 GC heap after
{Heap after GC invocations=19 (full 0):
 garbage-first heap   total 114688K, used 10741K [0x00000000a0000000, 0x0000000800000000)
  region size 16384K, 1 young (16384K), 1 survivors (16384K)
 Metaspace       used 37477K, committed 37760K, reserved 1114112K
  class space    used 3765K, committed 3904K, reserved 1048576K
}
Event: 42515.555 GC heap before
{Heap before GC invocations=19 (full 0):
 garbage-first heap   total 114688K, used 59893K [0x00000000a0000000, 0x0000000800000000)
  region size 16384K, 4 young (65536K), 1 survivors (16384K)
 Metaspace       used 37515K, committed 37824K, reserved 1114112K
  class space    used 3767K, committed 3904K, reserved 1048576K
}
Event: 42515.561 GC heap after
{Heap after GC invocations=20 (full 0):
 garbage-first heap   total 114688K, used 10701K [0x00000000a0000000, 0x0000000800000000)
  region size 16384K, 1 young (16384K), 1 survivors (16384K)
 Metaspace       used 37515K, committed 37824K, reserved 1114112K
  class space    used 3767K, committed 3904K, reserved 1048576K
}
Event: 42619.116 GC heap before
{Heap before GC invocations=20 (full 0):
 garbage-first heap   total 114688K, used 59853K [0x00000000a0000000, 0x0000000800000000)
  region size 16384K, 4 young (65536K), 1 survivors (16384K)
 Metaspace       used 37582K, committed 37888K, reserved 1114112K
  class space    used 3769K, committed 3904K, reserved 1048576K
}
Event: 42619.124 GC heap after
{Heap after GC invocations=21 (full 0):
 garbage-first heap   total 114688K, used 10782K [0x00000000a0000000, 0x0000000800000000)
  region size 16384K, 1 young (16384K), 1 survivors (16384K)
 Metaspace       used 37582K, committed 37888K, reserved 1114112K
  class space    used 3769K, committed 3904K, reserved 1048576K
}
Event: 42898.859 GC heap before
{Heap before GC invocations=21 (full 0):
 garbage-first heap   total 114688K, used 59934K [0x00000000a0000000, 0x0000000800000000)
  region size 16384K, 4 young (65536K), 1 survivors (16384K)
 Metaspace       used 37668K, committed 37952K, reserved 1114112K
  class space    used 3769K, committed 3904K, reserved 1048576K
}
Event: 42898.864 GC heap after
{Heap after GC invocations=22 (full 0):
 garbage-first heap   total 114688K, used 10766K [0x00000000a0000000, 0x0000000800000000)
  region size 16384K, 1 young (16384K), 1 survivors (16384K)
 Metaspace       used 37668K, committed 37952K, reserved 1114112K
  class space    used 3769K, committed 3904K, reserved 1048576K
}
Event: 45627.197 GC heap before
{Heap before GC invocations=22 (full 0):
 garbage-first heap   total 114688K, used 59918K [0x00000000a0000000, 0x0000000800000000)
  region size 16384K, 4 young (65536K), 1 survivors (16384K)
 Metaspace       used 37769K, committed 38080K, reserved 1114112K
  class space    used 3769K, committed 3904K, reserved 1048576K
}
Event: 45627.202 GC heap after
{Heap after GC invocations=23 (full 0):
 garbage-first heap   total 114688K, used 10798K [0x00000000a0000000, 0x0000000800000000)
  region size 16384K, 1 young (16384K), 1 survivors (16384K)
 Metaspace       used 37769K, committed 38080K, reserved 1114112K
  class space    used 3769K, committed 3904K, reserved 1048576K
}
Event: 45999.986 GC heap before
{Heap before GC invocations=23 (full 0):
 garbage-first heap   total 114688K, used 59950K [0x00000000a0000000, 0x0000000800000000)
  region size 16384K, 4 young (65536K), 1 survivors (16384K)
 Metaspace       used 37804K, committed 38080K, reserved 1114112K
  class space    used 3769K, committed 3904K, reserved 1048576K
}
Event: 45999.989 GC heap after
{Heap after GC invocations=24 (full 0):
 garbage-first heap   total 114688K, used 10742K [0x00000000a0000000, 0x0000000800000000)
  region size 16384K, 1 young (16384K), 1 survivors (16384K)
 Metaspace       used 37804K, committed 38080K, reserved 1114112K
  class space    used 3769K, committed 3904K, reserved 1048576K
}
Event: 46467.303 GC heap before
{Heap before GC invocations=24 (full 0):
 garbage-first heap   total 114688K, used 59894K [0x00000000a0000000, 0x0000000800000000)
  region size 16384K, 4 young (65536K), 1 survivors (16384K)
 Metaspace       used 37861K, committed 38144K, reserved 1114112K
  class space    used 3769K, committed 3904K, reserved 1048576K
}
Event: 46467.308 GC heap after
{Heap after GC invocations=25 (full 0):
 garbage-first heap   total 114688K, used 11140K [0x00000000a0000000, 0x0000000800000000)
  region size 16384K, 1 young (16384K), 1 survivors (16384K)
 Metaspace       used 37861K, committed 38144K, reserved 1114112K
  class space    used 3769K, committed 3904K, reserved 1048576K
}
Event: 46538.568 GC heap before
{Heap before GC invocations=25 (full 0):
 garbage-first heap   total 114688K, used 60292K [0x00000000a0000000, 0x0000000800000000)
  region size 16384K, 4 young (65536K), 1 survivors (16384K)
 Metaspace       used 37865K, committed 38144K, reserved 1114112K
  class space    used 3769K, committed 3904K, reserved 1048576K
}
Event: 46538.570 GC heap after
{Heap after GC invocations=26 (full 0):
 garbage-first heap   total 114688K, used 10776K [0x00000000a0000000, 0x0000000800000000)
  region size 16384K, 1 young (16384K), 1 survivors (16384K)
 Metaspace       used 37865K, committed 38144K, reserved 1114112K
  class space    used 3769K, committed 3904K, reserved 1048576K
}

